<?xml version="1.0" encoding="UTF-8"?>
<!-- Generated by org.testng.reporters.JUnitXMLReporter -->
<testsuite ignored="0" hostname="LAPTOP-5KMFOFH9" failures="0" tests="2" name="Default test" time="0.474" errors="0" timestamp="2024-01-11T22:24:37 IST">
  <testcase classname="htmlMethods.Serialization_Deserialization" name="testSerialization" time="0.374"/>
  <testcase classname="htmlMethods.Serialization_Deserialization" name="testdeserialization" time="0.043"/>
</testsuite> <!-- Default test -->
