<?xml version="1.0" encoding="UTF-8"?>
<!-- Generated by org.testng.reporters.JUnitXMLReporter -->
<testsuite ignored="0" hostname="LAPTOP-5KMFOFH9" failures="1" tests="1" name="Test" time="18.96" errors="0" timestamp="2024-02-14T06:35:37 IST">
  <testcase classname="newScenarios.Lock_Unlock_Rotate" name="testDevice_lock_unclock_rotate" time="18.591">
    <failure type="org.openqa.selenium.UnsupportedCommandException" message="setScreenOrientation
Build info: version: &amp;apos;4.17.0&amp;apos;, revision: &amp;apos;e52b1be057*&amp;apos;
System info: os.name: &amp;apos;Windows 11&amp;apos;, os.arch: &amp;apos;amd64&amp;apos;, os.version: &amp;apos;10.0&amp;apos;, java.version: &amp;apos;17.0.2&amp;apos;
Driver info: io.appium.java_client.android.AndroidDriver
Command: [8a71471e-345a-4587-a10f-4a77061851cd, setScreenOrientation {orientation=LANDSCAPE}]
Capabilities {appium:app: C:\Users\Ganes\OneDrive\Des..., appium:appPackage: io.appium.android.apis, appium:automationName: uiautomator2, appium:databaseEnabled: false, appium:desired: {app: C:\Users\Ganes\OneDrive\Des..., automationName: uiautomator2, deviceName: pixel_5, platformName: ANDROID, udid: emulator-5554}, appium:deviceApiLevel: 30, appium:deviceManufacturer: unknown, appium:deviceModel: Android SDK built for x86, appium:deviceName: emulator-5554, appium:deviceScreenDensity: 440, appium:deviceScreenSize: 1080x2340, appium:deviceUDID: emulator-5554, appium:javascriptEnabled: true, appium:locationContextEnabled: false, appium:networkConnectionEnabled: true, appium:pixelRatio: 2.75, appium:platformVersion: 11, appium:statBarHeight: 136, appium:takesScreenshot: true, appium:udid: emulator-5554, appium:viewportRect: {height: 1936, left: 0, top: 136, width: 1080}, appium:warnings: {}, appium:webStorageEnabled: false, platformName: ANDROID}
Session ID: 8a71471e-345a-4587-a10f-4a77061851cd">
      <![CDATA[org.openqa.selenium.UnsupportedCommandException: setScreenOrientation
Build info: version: '4.17.0', revision: 'e52b1be057*'
System info: os.name: 'Windows 11', os.arch: 'amd64', os.version: '10.0', java.version: '17.0.2'
Driver info: io.appium.java_client.android.AndroidDriver
Command: [8a71471e-345a-4587-a10f-4a77061851cd, setScreenOrientation {orientation=LANDSCAPE}]
Capabilities {appium:app: C:\Users\Ganes\OneDrive\Des..., appium:appPackage: io.appium.android.apis, appium:automationName: uiautomator2, appium:databaseEnabled: false, appium:desired: {app: C:\Users\Ganes\OneDrive\Des..., automationName: uiautomator2, deviceName: pixel_5, platformName: ANDROID, udid: emulator-5554}, appium:deviceApiLevel: 30, appium:deviceManufacturer: unknown, appium:deviceModel: Android SDK built for x86, appium:deviceName: emulator-5554, appium:deviceScreenDensity: 440, appium:deviceScreenSize: 1080x2340, appium:deviceUDID: emulator-5554, appium:javascriptEnabled: true, appium:locationContextEnabled: false, appium:networkConnectionEnabled: true, appium:pixelRatio: 2.75, appium:platformVersion: 11, appium:statBarHeight: 136, appium:takesScreenshot: true, appium:udid: emulator-5554, appium:viewportRect: {height: 1936, left: 0, top: 136, width: 1080}, appium:warnings: {}, appium:webStorageEnabled: false, platformName: ANDROID}
Session ID: 8a71471e-345a-4587-a10f-4a77061851cd
at org.openqa.selenium.remote.codec.AbstractHttpCommandCodec.encode(AbstractHttpCommandCodec.java:237)
at org.openqa.selenium.remote.codec.AbstractHttpCommandCodec.encode(AbstractHttpCommandCodec.java:111)
at org.openqa.selenium.remote.HttpCommandExecutor.execute(HttpCommandExecutor.java:178)
at io.appium.java_client.remote.AppiumCommandExecutor.execute(AppiumCommandExecutor.java:238)
at org.openqa.selenium.remote.RemoteWebDriver.execute(RemoteWebDriver.java:519)
at org.openqa.selenium.remote.RemoteWebDriver.execute(RemoteWebDriver.java:592)
at io.appium.java_client.AppiumDriver.execute(AppiumDriver.java:302)
at io.appium.java_client.remote.SupportsRotation.rotate(SupportsRotation.java:46)
at newScenarios.Lock_Unlock_Rotate.testDevice_lock_unclock_rotate(Lock_Unlock_Rotate.java:41)
at java.base/java.util.ArrayList.forEach(ArrayList.java:1511)
... Removed 27 stack frames]]>
    </failure>
  </testcase> <!-- testDevice_lock_unclock_rotate -->
</testsuite> <!-- Test -->
