<?xml version="1.0" encoding="UTF-8"?>
<testng-results ignored="0" total="2" passed="2" failed="0" skipped="0">
  <reporter-output>
  </reporter-output>
  <suite started-at="2024-01-15T22:18:17 IST" name="Default suite" finished-at="2024-01-15T22:18:48 IST" duration-ms="30819">
    <groups>
    </groups>
    <test started-at="2024-01-15T22:18:17 IST" name="Default test" finished-at="2024-01-15T22:18:48 IST" duration-ms="30819">
      <class name="elementsActions.SwipeAction">
        <test-method signature="swipeTest1()[pri:0, instance:elementsActions.SwipeAction@4d465b11]" started-at="2024-01-15T22:18:17 IST" name="swipeTest1" finished-at="2024-01-15T22:18:32 IST" duration-ms="15331" status="PASS">
          <reporter-output>
          </reporter-output>
        </test-method> <!-- swipeTest1 -->
        <test-method signature="swipeTest2()[pri:0, instance:elementsActions.SwipeAction@4d465b11]" started-at="2024-01-15T22:18:32 IST" name="swipeTest2" finished-at="2024-01-15T22:18:48 IST" duration-ms="15418" status="PASS">
          <reporter-output>
          </reporter-output>
        </test-method> <!-- swipeTest2 -->
      </class> <!-- elementsActions.SwipeAction -->
    </test> <!-- Default test -->
  </suite> <!-- Default suite -->
</testng-results>
